<?xml version="1.0" encoding="UTF-8"?>
<!-- Generated by org.testng.reporters.JUnitReportReporter -->
<testsuite skipped="0" hostname="DESKTOP-82N2FV3" name="org.amazon.testCases.TC001_Amazon" tests="1" failures="0" timestamp="2019-12-14T17:07:04 IST" time="20.536" errors="0">
  <testcase name="amazon" time="20.536" classname="org.amazon.testCases.TC001_Amazon"/>
</testsuite> <!-- org.amazon.testCases.TC001_Amazon -->
